# JRE version: OpenJDK Runtime Environment Temurin-17.0.12+7 (17.0.12+7) (build 17.0.12+7)
# Java VM: OpenJDK 64-Bit Server VM Temurin-17.0.12+7 (17.0.12+7, mixed mode, tiered, compressed oops, compressed class ptrs, parallel gc, windows-amd64)
GC Precious Log:
 CPUs: 8 total, 8 available
 Memory: 7952M
 Large Page Support: Disabled
 NUMA Support: Disabled
 Compressed Oops: Enabled (32-bit)
 Alignments: Space 512K, Generation 512K, Heap 2M
 Heap Min Capacity: 100M
 Heap Initial Capacity: 100M
 Heap Max Capacity: 1G
 Pre-touch: Disabled
 Parallel Workers: 8
Heap:
 PSYoungGen      total 7168K, used 6980K [0x00000000eab00000, 0x00000000eb480000, 0x0000000100000000)
  eden space 6144K, 100% used [0x00000000eab00000,0x00000000eb100000,0x00000000eb100000)
  from space 1024K, 81% used [0x00000000eb200000,0x00000000eb2d1210,0x00000000eb300000)
  to   space 1024K, 0% used [0x00000000eb100000,0x00000000eb100000,0x00000000eb200000)
 ParOldGen       total 169984K, used 125704K [0x00000000c0000000, 0x00000000ca600000, 0x00000000eab00000)
  object space 169984K, 73% used [0x00000000c0000000,0x00000000c7ac20a8,0x00000000ca600000)
 Metaspace       used 98140K, committed 99712K, reserved 1179648K
  class space    used 9634K, committed 10304K, reserved 1048576K
GC Heap History (20 events):
Event: 18683.657 GC heap before
{Heap before GC invocations=6337 (full 144):
 PSYoungGen      total 5120K, used 4749K [0x00000000eab00000, 0x00000000eb200000, 0x0000000100000000)
  eden space 4096K, 100% used [0x00000000eab00000,0x00000000eaf00000,0x00000000eaf00000)
  from space 1024K, 63% used [0x00000000eb100000,0x00000000eb1a3418,0x00000000eb200000)
  to   space 1024K, 0% used [0x00000000eb000000,0x00000000eb000000,0x00000000eb100000)
 ParOldGen       total 178688K, used 176715K [0x00000000c0000000, 0x00000000cae80000, 0x00000000eab00000)
  object space 178688K, 98% used [0x00000000c0000000,0x00000000cac92da0,0x00000000cae80000)
 Metaspace       used 98340K, committed 99776K, reserved 1179648K
  class space    used 9669K, committed 10304K, reserved 1048576K
}
Event: 18683.743 GC heap after
{Heap after GC invocations=6337 (full 144):
 PSYoungGen      total 5120K, used 936K [0x00000000eab00000, 0x00000000eb180000, 0x0000000100000000)
  eden space 4096K, 0% used [0x00000000eab00000,0x00000000eab00000,0x00000000eaf00000)
  from space 1024K, 91% used [0x00000000eb000000,0x00000000eb0ea1e0,0x00000000eb100000)
  to   space 512K, 0% used [0x00000000eb100000,0x00000000eb100000,0x00000000eb180000)
 ParOldGen       total 178688K, used 177199K [0x00000000c0000000, 0x00000000cae80000, 0x00000000eab00000)
  object space 178688K, 99% used [0x00000000c0000000,0x00000000cad0bf70,0x00000000cae80000)
 Metaspace       used 98340K, committed 99776K, reserved 1179648K
  class space    used 9669K, committed 10304K, reserved 1048576K
}
Event: 18684.315 GC heap before
{Heap before GC invocations=6338 (full 144):
 PSYoungGen      total 5120K, used 5032K [0x00000000eab00000, 0x00000000eb180000, 0x0000000100000000)
  eden space 4096K, 100% used [0x00000000eab00000,0x00000000eaf00000,0x00000000eaf00000)
  from space 1024K, 91% used [0x00000000eb000000,0x00000000eb0ea1e0,0x00000000eb100000)
  to   space 512K, 0% used [0x00000000eb100000,0x00000000eb100000,0x00000000eb180000)
 ParOldGen       total 178688K, used 177199K [0x00000000c0000000, 0x00000000cae80000, 0x00000000eab00000)
  object space 178688K, 99% used [0x00000000c0000000,0x00000000cad0bf70,0x00000000cae80000)
 Metaspace       used 98340K, committed 99776K, reserved 1179648K
  class space    used 9669K, committed 10304K, reserved 1048576K
}
Event: 18684.369 GC heap after
{Heap after GC invocations=6338 (full 144):
 PSYoungGen      total 4608K, used 500K [0x00000000eab00000, 0x00000000eb300000, 0x0000000100000000)
  eden space 4096K, 0% used [0x00000000eab00000,0x00000000eab00000,0x00000000eaf00000)
  from space 512K, 97% used [0x00000000eb100000,0x00000000eb17d220,0x00000000eb180000)
  to   space 2048K, 0% used [0x00000000eaf00000,0x00000000eaf00000,0x00000000eb100000)
 ParOldGen       total 178688K, used 178333K [0x00000000c0000000, 0x00000000cae80000, 0x00000000eab00000)
  object space 178688K, 99% used [0x00000000c0000000,0x00000000cae277d0,0x00000000cae80000)
 Metaspace       used 98340K, committed 99776K, reserved 1179648K
  class space    used 9669K, committed 10304K, reserved 1048576K
}
Event: 18684.370 GC heap before
{Heap before GC invocations=6339 (full 145):
 PSYoungGen      total 4608K, used 500K [0x00000000eab00000, 0x00000000eb300000, 0x0000000100000000)
  eden space 4096K, 0% used [0x00000000eab00000,0x00000000eab00000,0x00000000eaf00000)
  from space 512K, 97% used [0x00000000eb100000,0x00000000eb17d220,0x00000000eb180000)
  to   space 2048K, 0% used [0x00000000eaf00000,0x00000000eaf00000,0x00000000eb100000)
 ParOldGen       total 178688K, used 178333K [0x00000000c0000000, 0x00000000cae80000, 0x00000000eab00000)
  object space 178688K, 99% used [0x00000000c0000000,0x00000000cae277d0,0x00000000cae80000)
 Metaspace       used 98340K, committed 99776K, reserved 1179648K
  class space    used 9669K, committed 10304K, reserved 1048576K
}
Event: 18742.373 GC heap after
{Heap after GC invocations=6339 (full 145):
 PSYoungGen      total 6144K, used 0K [0x00000000eab00000, 0x00000000eb300000, 0x0000000100000000)
  eden space 4096K, 0% used [0x00000000eab00000,0x00000000eab00000,0x00000000eaf00000)
  from space 2048K, 0% used [0x00000000eaf00000,0x00000000eaf00000,0x00000000eb100000)
  to   space 2048K, 0% used [0x00000000eb100000,0x00000000eb100000,0x00000000eb300000)
 ParOldGen       total 169984K, used 122669K [0x00000000c0000000, 0x00000000ca600000, 0x00000000eab00000)
  object space 169984K, 72% used [0x00000000c0000000,0x00000000c77cb5c8,0x00000000ca600000)
 Metaspace       used 98138K, committed 99712K, reserved 1179648K
  class space    used 9633K, committed 10304K, reserved 1048576K
}
Event: 18747.409 GC heap before
{Heap before GC invocations=6340 (full 145):
 PSYoungGen      total 6144K, used 4095K [0x00000000eab00000, 0x00000000eb300000, 0x0000000100000000)
  eden space 4096K, 99% used [0x00000000eab00000,0x00000000eaeffff8,0x00000000eaf00000)
  from space 2048K, 0% used [0x00000000eaf00000,0x00000000eaf00000,0x00000000eb100000)
  to   space 2048K, 0% used [0x00000000eb100000,0x00000000eb100000,0x00000000eb300000)
 ParOldGen       total 169984K, used 122669K [0x00000000c0000000, 0x00000000ca600000, 0x00000000eab00000)
  object space 169984K, 72% used [0x00000000c0000000,0x00000000c77cb5c8,0x00000000ca600000)
 Metaspace       used 98138K, committed 99712K, reserved 1179648K
  class space    used 9633K, committed 10304K, reserved 1048576K
}
Event: 18747.441 GC heap after
{Heap after GC invocations=6340 (full 145):
 PSYoungGen      total 5120K, used 548K [0x00000000eab00000, 0x00000000eb200000, 0x0000000100000000)
  eden space 4096K, 0% used [0x00000000eab00000,0x00000000eab00000,0x00000000eaf00000)
  from space 1024K, 53% used [0x00000000eb100000,0x00000000eb189210,0x00000000eb200000)
  to   space 1024K, 0% used [0x00000000eb000000,0x00000000eb000000,0x00000000eb100000)
 ParOldGen       total 169984K, used 122669K [0x00000000c0000000, 0x00000000ca600000, 0x00000000eab00000)
  object space 169984K, 72% used [0x00000000c0000000,0x00000000c77cb5c8,0x00000000ca600000)
 Metaspace       used 98138K, committed 99712K, reserved 1179648K
  class space    used 9633K, committed 10304K, reserved 1048576K
}
Event: 18747.579 GC heap before
{Heap before GC invocations=6341 (full 145):
 PSYoungGen      total 5120K, used 4644K [0x00000000eab00000, 0x00000000eb200000, 0x0000000100000000)
  eden space 4096K, 100% used [0x00000000eab00000,0x00000000eaf00000,0x00000000eaf00000)
  from space 1024K, 53% used [0x00000000eb100000,0x00000000eb189210,0x00000000eb200000)
  to   space 1024K, 0% used [0x00000000eb000000,0x00000000eb000000,0x00000000eb100000)
 ParOldGen       total 169984K, used 122669K [0x00000000c0000000, 0x00000000ca600000, 0x00000000eab00000)
  object space 169984K, 72% used [0x00000000c0000000,0x00000000c77cb5c8,0x00000000ca600000)
 Metaspace       used 98138K, committed 99712K, reserved 1179648K
  class space    used 9633K, committed 10304K, reserved 1048576K
}
Event: 18747.623 GC heap after
{Heap after GC invocations=6341 (full 145):
 PSYoungGen      total 5120K, used 608K [0x00000000eab00000, 0x00000000eb180000, 0x0000000100000000)
  eden space 4096K, 0% used [0x00000000eab00000,0x00000000eab00000,0x00000000eaf00000)
  from space 1024K, 59% used [0x00000000eb000000,0x00000000eb098000,0x00000000eb100000)
  to   space 512K, 0% used [0x00000000eb100000,0x00000000eb100000,0x00000000eb180000)
 ParOldGen       total 169984K, used 123122K [0x00000000c0000000, 0x00000000ca600000, 0x00000000eab00000)
  object space 169984K, 72% used [0x00000000c0000000,0x00000000c783c938,0x00000000ca600000)
 Metaspace       used 98138K, committed 99712K, reserved 1179648K
  class space    used 9633K, committed 10304K, reserved 1048576K
}
Event: 18747.736 GC heap before
{Heap before GC invocations=6342 (full 145):
 PSYoungGen      total 5120K, used 4704K [0x00000000eab00000, 0x00000000eb180000, 0x0000000100000000)
  eden space 4096K, 100% used [0x00000000eab00000,0x00000000eaf00000,0x00000000eaf00000)
  from space 1024K, 59% used [0x00000000eb000000,0x00000000eb098000,0x00000000eb100000)
  to   space 512K, 0% used [0x00000000eb100000,0x00000000eb100000,0x00000000eb180000)
 ParOldGen       total 169984K, used 123122K [0x00000000c0000000, 0x00000000ca600000, 0x00000000eab00000)
  object space 169984K, 72% used [0x00000000c0000000,0x00000000c783c938,0x00000000ca600000)
 Metaspace       used 98138K, committed 99712K, reserved 1179648K
  class space    used 9633K, committed 10304K, reserved 1048576K
}
Event: 18747.811 GC heap after
{Heap after GC invocations=6342 (full 145):
 PSYoungGen      total 5632K, used 468K [0x00000000eab00000, 0x00000000eb200000, 0x0000000100000000)
  eden space 5120K, 0% used [0x00000000eab00000,0x00000000eab00000,0x00000000eb000000)
  from space 512K, 91% used [0x00000000eb100000,0x00000000eb175200,0x00000000eb180000)
  to   space 1024K, 0% used [0x00000000eb000000,0x00000000eb000000,0x00000000eb100000)
 ParOldGen       total 169984K, used 123638K [0x00000000c0000000, 0x00000000ca600000, 0x00000000eab00000)
  object space 169984K, 72% used [0x00000000c0000000,0x00000000c78bd968,0x00000000ca600000)
 Metaspace       used 98138K, committed 99712K, reserved 1179648K
  class space    used 9633K, committed 10304K, reserved 1048576K
}
Event: 18747.905 GC heap before
{Heap before GC invocations=6343 (full 145):
 PSYoungGen      total 5632K, used 5588K [0x00000000eab00000, 0x00000000eb200000, 0x0000000100000000)
  eden space 5120K, 100% used [0x00000000eab00000,0x00000000eb000000,0x00000000eb000000)
  from space 512K, 91% used [0x00000000eb100000,0x00000000eb175200,0x00000000eb180000)
  to   space 1024K, 0% used [0x00000000eb000000,0x00000000eb000000,0x00000000eb100000)
 ParOldGen       total 169984K, used 123638K [0x00000000c0000000, 0x00000000ca600000, 0x00000000eab00000)
  object space 169984K, 72% used [0x00000000c0000000,0x00000000c78bd968,0x00000000ca600000)
 Metaspace       used 98138K, committed 99712K, reserved 1179648K
  class space    used 9633K, committed 10304K, reserved 1048576K
}
Event: 18747.940 GC heap after
{Heap after GC invocations=6343 (full 145):
 PSYoungGen      total 6144K, used 592K [0x00000000eab00000, 0x00000000eb300000, 0x0000000100000000)
  eden space 5120K, 0% used [0x00000000eab00000,0x00000000eab00000,0x00000000eb000000)
  from space 1024K, 57% used [0x00000000eb000000,0x00000000eb094010,0x00000000eb100000)
  to   space 1024K, 0% used [0x00000000eb200000,0x00000000eb200000,0x00000000eb300000)
 ParOldGen       total 169984K, used 123987K [0x00000000c0000000, 0x00000000ca600000, 0x00000000eab00000)
  object space 169984K, 72% used [0x00000000c0000000,0x00000000c7914cd8,0x00000000ca600000)
 Metaspace       used 98138K, committed 99712K, reserved 1179648K
  class space    used 9633K, committed 10304K, reserved 1048576K
}
Event: 18748.060 GC heap before
{Heap before GC invocations=6344 (full 145):
 PSYoungGen      total 6144K, used 5712K [0x00000000eab00000, 0x00000000eb300000, 0x0000000100000000)
  eden space 5120K, 100% used [0x00000000eab00000,0x00000000eb000000,0x00000000eb000000)
  from space 1024K, 57% used [0x00000000eb000000,0x00000000eb094010,0x00000000eb100000)
  to   space 1024K, 0% used [0x00000000eb200000,0x00000000eb200000,0x00000000eb300000)
 ParOldGen       total 169984K, used 123987K [0x00000000c0000000, 0x00000000ca600000, 0x00000000eab00000)
  object space 169984K, 72% used [0x00000000c0000000,0x00000000c7914cd8,0x00000000ca600000)
 Metaspace       used 98138K, committed 99712K, reserved 1179648K
  class space    used 9633K, committed 10304K, reserved 1048576K
}
Event: 18748.068 GC heap after
{Heap after GC invocations=6344 (full 145):
 PSYoungGen      total 7168K, used 804K [0x00000000eab00000, 0x00000000eb300000, 0x0000000100000000)
  eden space 6144K, 0% used [0x00000000eab00000,0x00000000eab00000,0x00000000eb100000)
  from space 1024K, 78% used [0x00000000eb200000,0x00000000eb2c9210,0x00000000eb300000)
  to   space 1024K, 0% used [0x00000000eb100000,0x00000000eb100000,0x00000000eb200000)
 ParOldGen       total 169984K, used 124467K [0x00000000c0000000, 0x00000000ca600000, 0x00000000eab00000)
  object space 169984K, 73% used [0x00000000c0000000,0x00000000c798ccf8,0x00000000ca600000)
 Metaspace       used 98138K, committed 99712K, reserved 1179648K
  class space    used 9633K, committed 10304K, reserved 1048576K
}
Event: 18748.107 GC heap before
{Heap before GC invocations=6345 (full 145):
 PSYoungGen      total 7168K, used 6948K [0x00000000eab00000, 0x00000000eb300000, 0x0000000100000000)
  eden space 6144K, 99% used [0x00000000eab00000,0x00000000eb0fffe8,0x00000000eb100000)
  from space 1024K, 78% used [0x00000000eb200000,0x00000000eb2c9210,0x00000000eb300000)
  to   space 1024K, 0% used [0x00000000eb100000,0x00000000eb100000,0x00000000eb200000)
 ParOldGen       total 169984K, used 124467K [0x00000000c0000000, 0x00000000ca600000, 0x00000000eab00000)
  object space 169984K, 73% used [0x00000000c0000000,0x00000000c798ccf8,0x00000000ca600000)
 Metaspace       used 98138K, committed 99712K, reserved 1179648K
  class space    used 9633K, committed 10304K, reserved 1048576K
}
Event: 18748.112 GC heap after
{Heap after GC invocations=6345 (full 145):
 PSYoungGen      total 7168K, used 768K [0x00000000eab00000, 0x00000000eb300000, 0x0000000100000000)
  eden space 6144K, 0% used [0x00000000eab00000,0x00000000eab00000,0x00000000eb100000)
  from space 1024K, 75% used [0x00000000eb100000,0x00000000eb1c0000,0x00000000eb200000)
  to   space 1024K, 0% used [0x00000000eb200000,0x00000000eb200000,0x00000000eb300000)
 ParOldGen       total 169984K, used 125096K [0x00000000c0000000, 0x00000000ca600000, 0x00000000eab00000)
  object space 169984K, 73% used [0x00000000c0000000,0x00000000c7a2a088,0x00000000ca600000)
 Metaspace       used 98138K, committed 99712K, reserved 1179648K
  class space    used 9633K, committed 10304K, reserved 1048576K
}
Event: 18748.275 GC heap before
{Heap before GC invocations=6346 (full 145):
 PSYoungGen      total 7168K, used 6911K [0x00000000eab00000, 0x00000000eb300000, 0x0000000100000000)
  eden space 6144K, 99% used [0x00000000eab00000,0x00000000eb0ffff8,0x00000000eb100000)
  from space 1024K, 75% used [0x00000000eb100000,0x00000000eb1c0000,0x00000000eb200000)
  to   space 1024K, 0% used [0x00000000eb200000,0x00000000eb200000,0x00000000eb300000)
 ParOldGen       total 169984K, used 125096K [0x00000000c0000000, 0x00000000ca600000, 0x00000000eab00000)
  object space 169984K, 73% used [0x00000000c0000000,0x00000000c7a2a088,0x00000000ca600000)
 Metaspace       used 98138K, committed 99712K, reserved 1179648K
  class space    used 9633K, committed 10304K, reserved 1048576K
}
Event: 18748.369 GC heap after
{Heap after GC invocations=6346 (full 145):
 PSYoungGen      total 7168K, used 836K [0x00000000eab00000, 0x00000000eb480000, 0x0000000100000000)
  eden space 6144K, 0% used [0x00000000eab00000,0x00000000eab00000,0x00000000eb100000)
  from space 1024K, 81% used [0x00000000eb200000,0x00000000eb2d1210,0x00000000eb300000)
  to   space 1024K, 0% used [0x00000000eb100000,0x00000000eb100000,0x00000000eb200000)
 ParOldGen       total 169984K, used 125704K [0x00000000c0000000, 0x00000000ca600000, 0x00000000eab00000)
  object space 169984K, 73% used [0x00000000c0000000,0x00000000c7ac20a8,0x00000000ca600000)
 Metaspace       used 98138K, committed 99712K, reserved 1179648K
  class space    used 9633K, committed 10304K, reserved 1048576K
}

